                            OLS Regression Results                            
==============================================================================
Dep. Variable:       avg_d_kbps_fixed   R-squared:                       0.515
Model:                            OLS   Adj. R-squared:                  0.513
Method:                 Least Squares   F-statistic:                    0.5553
Date:                Sun, 07 Dec 2025   Prob (F-statistic):              0.456
Time:                        21:13:00   Log-Likelihood:            -9.9633e+05
No. Observations:               82249   AIC:                         1.993e+06
Df Residuals:                   81886   BIC:                         1.997e+06
Df Model:                         362                                         
Covariance Type:                  HC3                                         
=========================================================================================================
                                            coef    std err          z      P>|z|      [0.025      0.975]
---------------------------------------------------------------------------------------------------------
Intercept                              1.244e+05   4495.877     27.668      0.000    1.16e+05    1.33e+05
C(urban_core_type)[T.Micro core]       -2.63e+04    711.084    -36.988      0.000   -2.77e+04   -2.49e+04
C(urban_core_type)[T.Rural]           -9.097e+04    528.674   -172.068      0.000    -9.2e+04   -8.99e+04
C(urban_core_type)[T.Small town core] -4.775e+04   1221.129    -39.103      0.000   -5.01e+04   -4.54e+04
C(state)[T.04]                        -3.064e+04   1988.298    -15.412      0.000   -3.45e+04   -2.67e+04
C(state)[T.05]                        -2.035e+04   2554.970     -7.964      0.000   -2.54e+04   -1.53e+04
C(state)[T.06]                        -4828.8343   1628.182     -2.966      0.003   -8020.013   -1637.656
C(state)[T.08]                        -1.529e+04   1961.688     -7.792      0.000   -1.91e+04   -1.14e+04
C(state)[T.09]                         9.129e+14   1.23e+15      0.745      0.456   -1.49e+15    3.31e+15
C(state)[T.10]                         3.359e+04   3134.447     10.718      0.000    2.75e+04    3.97e+04
C(state)[T.11]                        -2566.8458   3509.016     -0.732      0.464   -9444.391    4310.699
C(state)[T.12]                        -1211.4936   1678.282     -0.722      0.470   -4500.865    2077.878
C(state)[T.13]                         8101.6581   1862.189      4.351      0.000    4451.835    1.18e+04
C(state)[T.16]                         -4.63e+04   2499.400    -18.525      0.000   -5.12e+04   -4.14e+04
C(state)[T.17]                        -9591.3696   1769.791     -5.419      0.000   -1.31e+04   -6122.642
C(state)[T.18]                        -2870.5893   1922.192     -1.493      0.135   -6638.017     896.839
C(state)[T.19]                        -3.306e+04   2219.856    -14.892      0.000   -3.74e+04   -2.87e+04
C(state)[T.20]                        -1.541e+04   2536.389     -6.077      0.000   -2.04e+04   -1.04e+04
C(state)[T.21]                         1190.8118   2116.392      0.563      0.574   -2957.240    5338.863
C(state)[T.22]                        -1.563e+04   2170.767     -7.202      0.000   -1.99e+04   -1.14e+04
C(state)[T.23]                         3818.9729   2832.093      1.348      0.178   -1731.828    9369.774
C(state)[T.24]                         2.314e+04   2017.180     11.471      0.000    1.92e+04    2.71e+04
C(state)[T.25]                         1.336e+04   1958.816      6.822      0.000    9523.297    1.72e+04
C(state)[T.26]                        -4287.8618   1793.092     -2.391      0.017   -7802.257    -773.466
C(state)[T.27]                        -2.338e+04   1941.694    -12.039      0.000   -2.72e+04   -1.96e+04
C(state)[T.28]                         4536.4780   2841.277      1.597      0.110   -1032.322    1.01e+04
C(state)[T.29]                        -8463.5563   2150.357     -3.936      0.000   -1.27e+04   -4248.934
C(state)[T.30]                        -4.273e+04   2958.407    -14.444      0.000   -4.85e+04   -3.69e+04
C(state)[T.31]                        -1.297e+04   2657.496     -4.881      0.000   -1.82e+04   -7763.137
C(state)[T.32]                        -5334.8760   2327.692     -2.292      0.022   -9897.069    -772.683
C(state)[T.33]                         3.223e+04   2816.763     11.442      0.000    2.67e+04    3.78e+04
C(state)[T.34]                         3.494e+04   1859.909     18.788      0.000    3.13e+04    3.86e+04
C(state)[T.35]                        -4.346e+04   2657.788    -16.353      0.000   -4.87e+04   -3.83e+04
C(state)[T.36]                         1.498e+04   1665.754      8.994      0.000    1.17e+04    1.82e+04
C(state)[T.37]                          1.41e+04   1841.756      7.654      0.000    1.05e+04    1.77e+04
C(state)[T.38]                         5020.7528   3666.456      1.369      0.171   -2165.370    1.22e+04
C(state)[T.39]                        -7035.2360   1782.978     -3.946      0.000   -1.05e+04   -3540.663
C(state)[T.40]                        -1.483e+04   2340.409     -6.336      0.000   -1.94e+04   -1.02e+04
C(state)[T.41]                        -2.166e+04   1974.922    -10.969      0.000   -2.55e+04   -1.78e+04
C(state)[T.42]                         1.131e+04   1785.889      6.331      0.000    7805.920    1.48e+04
C(state)[T.44]                         2.472e+04   3324.839      7.436      0.000    1.82e+04    3.12e+04
C(state)[T.45]                         8278.7244   2149.685      3.851      0.000    4065.419    1.25e+04
C(state)[T.46]                        -3.025e+04   3518.604     -8.596      0.000   -3.71e+04   -2.33e+04
C(state)[T.47]                          2.11e+04   2078.664     10.153      0.000     1.7e+04    2.52e+04
C(state)[T.48]                         9240.0966   1868.234      4.946      0.000    5578.426    1.29e+04
C(state)[T.49]                        -2.419e+04   2235.438    -10.822      0.000   -2.86e+04   -1.98e+04
C(state)[T.50]                         7577.2427   4719.180      1.606      0.108   -1672.180    1.68e+04
C(state)[T.51]                         8965.9300   2045.608      4.383      0.000    4956.612     1.3e+04
C(state)[T.53]                        -1.681e+04   1879.255     -8.944      0.000   -2.05e+04   -1.31e+04
C(state)[T.54]                         -480.5188   3034.500     -0.158      0.874   -6428.029    5466.992
C(state)[T.55]                        -1.571e+04   1973.737     -7.960      0.000   -1.96e+04   -1.18e+04
C(state)[T.56]                        -4.588e+04   3539.140    -12.962      0.000   -5.28e+04   -3.89e+04
C(state)[T.72]                        -1.071e+05   1870.013    -57.276      0.000   -1.11e+05   -1.03e+05
C(county)[T.003]                      -8803.6815   1626.747     -5.412      0.000    -1.2e+04   -5615.317
C(county)[T.005]                       4812.2571   1636.931      2.940      0.003    1603.931    8020.583
C(county)[T.006]                       1.086e+04   1.75e+04      0.622      0.534   -2.34e+04    4.51e+04
C(county)[T.007]                      -3783.1367   2279.671     -1.660      0.097   -8251.210     684.937
C(county)[T.009]                      -6737.7389   2066.788     -3.260      0.001   -1.08e+04   -2686.909
C(county)[T.011]                       5972.8572   1792.499      3.332      0.001    2459.623    9486.091
C(county)[T.012]                      -4.989e+04   1.24e+04     -4.010      0.000   -7.43e+04   -2.55e+04
C(county)[T.013]                       4162.9462   1619.647      2.570      0.010     988.497    7337.396
C(county)[T.014]                       2947.1661   8734.712      0.337      0.736   -1.42e+04    2.01e+04
C(county)[T.015]                      -5180.3408   2196.001     -2.359      0.018   -9484.424    -876.258
C(county)[T.017]                      -8415.8158   1727.866     -4.871      0.000   -1.18e+04   -5029.261
C(county)[T.019]                      -3454.3601   1848.086     -1.869      0.062   -7076.542     167.822
C(county)[T.021]                      -6977.0948   1900.968     -3.670      0.000   -1.07e+04   -3251.265
C(county)[T.023]                      -1.118e+04   2295.972     -4.870      0.000   -1.57e+04   -6681.949
C(county)[T.025]                      -7609.4462   1866.499     -4.077      0.000   -1.13e+04   -3951.176
C(county)[T.027]                      -3195.4423   1919.717     -1.665      0.096   -6958.019     567.135
C(county)[T.028]                       1295.6493    1.9e+04      0.068      0.946   -3.59e+04    3.85e+04
C(county)[T.029]                      -2100.0544   1668.635     -1.259      0.208   -5370.520    1170.411
C(county)[T.031]                       2347.9640   1544.702      1.520      0.129    -679.597    5375.525
C(county)[T.033]                       1723.4527   1782.569      0.967      0.334   -1770.318    5217.223
C(county)[T.035]                       4529.8350   1762.197      2.571      0.010    1075.992    7983.678
C(county)[T.036]                        9.38e+04    4.6e+04      2.040      0.041    3681.965    1.84e+05
C(county)[T.037]                       3249.3834   1393.783      2.331      0.020     517.619    5981.148
C(county)[T.039]                      -9889.9269   2274.748     -4.348      0.000   -1.43e+04   -5431.502
C(county)[T.041]                      -8439.7885   2194.345     -3.846      0.000   -1.27e+04   -4138.952
C(county)[T.043]                      -5245.0752   2200.622     -2.383      0.017   -9558.214    -931.936
C(county)[T.045]                       1875.7375   2181.883      0.860      0.390   -2400.674    6152.149
C(county)[T.047]                       1681.1105   1814.704      0.926      0.354   -1875.643    5237.864
C(county)[T.049]                      -5016.2029   1940.820     -2.585      0.010   -8820.141   -1212.265
C(county)[T.051]                       -554.6372   2106.932     -0.263      0.792   -4684.148    3574.873
C(county)[T.053]                       1546.8340   1905.487      0.812      0.417   -2187.853    5281.521
C(county)[T.054]                      -1.149e+04   2.63e+04     -0.437      0.662    -6.3e+04       4e+04
C(county)[T.055]                      -1.113e+04   2124.423     -5.241      0.000   -1.53e+04   -6969.337
C(county)[T.057]                       1.011e+04   1947.449      5.190      0.000    6290.435    1.39e+04
C(county)[T.059]                      -4917.0014   1492.245     -3.295      0.001   -7841.747   -1992.255
C(county)[T.061]                      -5582.0086   1817.884     -3.071      0.002   -9144.995   -2019.022
C(county)[T.063]                      -1010.1936   2334.929     -0.433      0.665   -5586.570    3566.183
C(county)[T.065]                      -1492.3293   1886.920     -0.791      0.429   -5190.624    2205.966
C(county)[T.067]                      -2769.2080   1694.062     -1.635      0.102   -6089.508     551.092
C(county)[T.069]                      -1.266e+04   2598.827     -4.872      0.000   -1.78e+04   -7569.122
C(county)[T.071]                      -3787.2940   1747.584     -2.167      0.030   -7212.495    -362.093
C(county)[T.073]                      -1.215e+04   1650.267     -7.362      0.000   -1.54e+04   -8914.212
C(county)[T.075]                      -3692.5487   2628.061     -1.405      0.160   -8843.453    1458.356
C(county)[T.077]                      -1.099e+04   2113.579     -5.199      0.000   -1.51e+04   -6844.999
C(county)[T.078]                       3.951e+04   1.79e+04      2.208      0.027    4441.887    7.46e+04
C(county)[T.079]                        623.2721   2500.428      0.249      0.803   -4277.477    5524.021
C(county)[T.081]                       7675.9239   1621.135      4.735      0.000    4498.558    1.09e+04
C(county)[T.083]                      -1.301e+04   2457.148     -5.294      0.000   -1.78e+04   -8191.043
C(county)[T.085]                      -1669.3567   1706.613     -0.978      0.328   -5014.257    1675.544
C(county)[T.086]                        1.53e+04   2066.774      7.402      0.000    1.12e+04    1.93e+04
C(county)[T.087]                      -7572.4282   2338.597     -3.238      0.001   -1.22e+04   -2988.863
C(county)[T.089]                        798.6727   1960.006      0.407      0.684   -3042.869    4640.214
C(county)[T.091]                       -438.9878   2059.478     -0.213      0.831   -4475.490    3597.515
C(county)[T.093]                      -4193.0960   2418.638     -1.734      0.083   -8933.538     547.347
C(county)[T.095]                      -1.008e+04   2097.311     -4.806      0.000   -1.42e+04   -5968.489
C(county)[T.097]                        597.6360   1853.494      0.322      0.747   -3035.145    4230.417
C(county)[T.099]                        877.5706   1854.811      0.473      0.636   -2757.792    4512.933
C(county)[T.101]                       1482.2936   1964.882      0.754      0.451   -2368.805    5333.392
C(county)[T.102]                       -2.53e+04   1.75e+04     -1.444      0.149   -5.97e+04    9048.761
C(county)[T.103]                       -480.3288   1744.687     -0.275      0.783   -3899.852    2939.194
C(county)[T.105]                       5022.8288   2596.381      1.935      0.053     -65.985    1.01e+04
C(county)[T.107]                      -6421.2089   2820.282     -2.277      0.023   -1.19e+04    -893.557
C(county)[T.109]                       1.202e+04   2415.117      4.979      0.000    7290.328    1.68e+04
C(county)[T.110]                      -9.129e+14   1.23e+15     -0.745      0.456   -3.31e+15    1.49e+15
C(county)[T.111]                       3428.7124   2084.007      1.645      0.100    -655.867    7513.292
C(county)[T.113]                       1545.7706   1815.973      0.851      0.395   -2013.471    5105.012
C(county)[T.115]                      -7987.5568   2695.878     -2.963      0.003   -1.33e+04   -2703.733
C(county)[T.117]                      -9720.3940   2490.578     -3.903      0.000   -1.46e+04   -4838.952
C(county)[T.119]                        977.7473   1894.648      0.516      0.606   -2735.694    4691.188
C(county)[T.120]                      -9.129e+14   1.23e+15     -0.745      0.456   -3.31e+15    1.49e+15
C(county)[T.121]                      -4622.4262   2075.342     -2.227      0.026   -8690.022    -554.831
C(county)[T.123]                      -9314.6670   2813.280     -3.311      0.001   -1.48e+04   -3800.740
C(county)[T.125]                       3550.2259   2256.302      1.573      0.116    -872.044    7972.496
C(county)[T.127]                      -5693.8573   2324.042     -2.450      0.014   -1.02e+04   -1138.818
C(county)[T.129]                        844.7959   3149.726      0.268      0.789   -5328.553    7018.145
C(county)[T.130]                      -9.129e+14   1.23e+15     -0.745      0.456   -3.31e+15    1.49e+15
C(county)[T.131]                      -1.056e+04   3734.109     -2.828      0.005   -1.79e+04   -3243.038
C(county)[T.133]                       3217.9531   2846.381      1.131      0.258   -2360.851    8796.757
C(county)[T.135]                       2103.8330   2602.883      0.808      0.419   -2997.724    7205.390
C(county)[T.137]                      -1.059e+04   3746.554     -2.827      0.005   -1.79e+04   -3250.084
C(county)[T.139]                      -8271.9867   2752.103     -3.006      0.003   -1.37e+04   -2877.964
C(county)[T.140]                      -9.129e+14   1.23e+15     -0.745      0.456   -3.31e+15    1.49e+15
C(county)[T.141]                       3369.3071   2489.050      1.354      0.176   -1509.142    8247.756
C(county)[T.143]                       -148.4090   2650.960     -0.056      0.955   -5344.196    5047.378
C(county)[T.145]                       -1.37e+04   3204.218     -4.277      0.000      -2e+04   -7424.794
C(county)[T.147]                      -1727.5872   4299.428     -0.402      0.688   -1.02e+04    6699.136
C(county)[T.149]                      -1.559e+04   4661.588     -3.345      0.001   -2.47e+04   -6454.366
C(county)[T.150]                      -9.129e+14   1.23e+15     -0.745      0.456   -3.31e+15    1.49e+15
C(county)[T.151]                      -9606.2863   3606.549     -2.664      0.008   -1.67e+04   -2537.581
C(county)[T.153]                       -643.2949   2255.646     -0.285      0.775   -5064.281    3777.691
C(county)[T.155]                       5881.3204   3427.778      1.716      0.086    -837.001    1.26e+04
C(county)[T.157]                      -2.675e+04   2398.096    -11.154      0.000   -3.14e+04    -2.2e+04
C(county)[T.159]                      -4339.4801   4670.929     -0.929      0.353   -1.35e+04    4815.372
C(county)[T.160]                      -9.129e+14   1.23e+15     -0.745      0.456   -3.31e+15    1.49e+15
C(county)[T.161]                      -1.042e+04   3248.948     -3.207      0.001   -1.68e+04   -4052.651
C(county)[T.163]                      -7241.0542   2166.897     -3.342      0.001   -1.15e+04   -2994.015
C(county)[T.165]                       2892.3361   3811.907      0.759      0.448   -4578.864    1.04e+04
C(county)[T.167]                      -6991.0457   3082.832     -2.268      0.023    -1.3e+04    -948.806
C(county)[T.169]                      -1.746e+04   4372.399     -3.992      0.000    -2.6e+04   -8886.846
C(county)[T.170]                      -9.129e+14   1.23e+15     -0.745      0.456   -3.31e+15    1.49e+15
C(county)[T.171]                      -2.332e+04   4887.434     -4.770      0.000   -3.29e+04   -1.37e+04
C(county)[T.173]                       7760.1886   3638.849      2.133      0.033     628.176    1.49e+04
C(county)[T.175]                      -1.304e+04   7256.810     -1.796      0.072   -2.73e+04    1187.535
C(county)[T.177]                       1543.6986   4698.912      0.329      0.743   -7666.000    1.08e+04
C(county)[T.179]                      -1.052e+04   3385.116     -3.106      0.002   -1.71e+04   -3880.545
C(county)[T.180]                      -9.129e+14   1.23e+15     -0.745      0.456   -3.31e+15    1.49e+15
C(county)[T.181]                       -3.19e+04   5188.837     -6.147      0.000   -4.21e+04   -2.17e+04
C(county)[T.183]                      -5052.4021   2346.682     -2.153      0.031   -9651.815    -452.989
C(county)[T.185]                       -310.8539   6722.972     -0.046      0.963   -1.35e+04    1.29e+04
C(county)[T.186]                      -4.863e+04   2.54e+04     -1.918      0.055   -9.83e+04    1055.865
C(county)[T.187]                       5609.7956   4197.227      1.337      0.181   -2616.619    1.38e+04
C(county)[T.189]                       4081.3571   2794.963      1.460      0.144   -1396.669    9559.384
C(county)[T.190]                      -9.129e+14   1.23e+15     -0.745      0.456   -3.31e+15    1.49e+15
C(county)[T.191]                       3592.8252   7099.791      0.506      0.613   -1.03e+04    1.75e+04
C(county)[T.193]                      -1.383e+04   4342.224     -3.184      0.001   -2.23e+04   -5316.187
C(county)[T.195]                      -1.074e+04   5929.874     -1.811      0.070   -2.24e+04     883.929
C(county)[T.197]                       4171.4123   3443.417      1.211      0.226   -2577.561    1.09e+04
C(county)[T.199]                      -1.305e+04   6134.143     -2.128      0.033   -2.51e+04   -1030.958
C(county)[T.201]                       2927.9116   1915.649      1.528      0.126    -826.692    6682.515
C(county)[T.203]                      -5.262e+04   8484.184     -6.203      0.000   -6.93e+04    -3.6e+04
C(county)[T.205]                      -3.126e+04    1.5e+04     -2.079      0.038   -6.07e+04   -1794.785
C(county)[T.207]                       2.542e+04   2.17e+04      1.174      0.240    -1.7e+04    6.79e+04
C(county)[T.209]                       7787.5833   4718.680      1.650      0.099   -1460.860     1.7e+04
C(county)[T.211]                      -2.034e+04   9458.339     -2.150      0.032   -3.89e+04   -1800.604
C(county)[T.213]                      -1.341e+04   7913.251     -1.695      0.090   -2.89e+04    2099.750
C(county)[T.215]                      -2.211e+04   2576.433     -8.580      0.000   -2.72e+04   -1.71e+04
C(county)[T.217]                      -2.194e+04   9551.668     -2.297      0.022   -4.07e+04   -3217.343
C(county)[T.219]                      -2.611e+04   8729.683     -2.991      0.003   -4.32e+04   -8997.516
C(county)[T.221]                      -4.145e+04   1.06e+04     -3.913      0.000   -6.22e+04   -2.07e+04
C(county)[T.223]                       1.401e+04   8130.783      1.723      0.085   -1928.543    2.99e+04
C(county)[T.225]                      -5.036e+04   9245.547     -5.447      0.000   -6.85e+04   -3.22e+04
C(county)[T.227]                       5747.3283   7046.547      0.816      0.415   -8063.651    1.96e+04
C(county)[T.229]                      -5.313e+04   1.36e+04     -3.917      0.000   -7.97e+04   -2.65e+04
C(county)[T.231]                      -4.156e+04   9226.046     -4.504      0.000   -5.96e+04   -2.35e+04
C(county)[T.233]                      -1.899e+04   1.08e+04     -1.763      0.078   -4.01e+04    2123.481
C(county)[T.235]                      -4720.6562   1.62e+04     -0.291      0.771   -3.66e+04    2.71e+04
C(county)[T.237]                      -1.696e+04   1.35e+04     -1.253      0.210   -4.35e+04    9576.216
C(county)[T.239]                      -2.815e+04   1.26e+04     -2.240      0.025   -5.28e+04   -3517.333
C(county)[T.241]                      -9.437e+04   6658.242    -14.174      0.000   -1.07e+05   -8.13e+04
C(county)[T.243]                      -3.825e+04    3.2e+04     -1.194      0.233   -1.01e+05    2.46e+04
C(county)[T.245]                      -1.187e+04   3768.811     -3.150      0.002   -1.93e+04   -4483.410
C(county)[T.247]                       5193.8766    1.1e+04      0.472      0.637   -1.64e+04    2.68e+04
C(county)[T.249]                      -1.567e+04   1.32e+04     -1.188      0.235   -4.15e+04    1.02e+04
C(county)[T.251]                       4.723e+04   1.01e+04      4.688      0.000    2.75e+04     6.7e+04
C(county)[T.253]                      -4810.2294   2.45e+04     -0.196      0.844   -5.29e+04    4.32e+04
C(county)[T.255]                       9565.4788   1.55e+04      0.616      0.538   -2.09e+04       4e+04
C(county)[T.257]                      -8241.4171   1.44e+04     -0.572      0.568   -3.65e+04       2e+04
C(county)[T.259]                       -5.79e+04   1.33e+04     -4.343      0.000    -8.4e+04   -3.18e+04
C(county)[T.261]                      -5.747e+04    1.4e+04     -4.113      0.000   -8.49e+04   -3.01e+04
C(county)[T.263]                      -7.655e+04   1.86e+04     -4.122      0.000   -1.13e+05   -4.02e+04
C(county)[T.265]                      -3.888e+04   1.34e+04     -2.910      0.004   -6.51e+04   -1.27e+04
C(county)[T.267]                      -7.962e+04   9330.151     -8.534      0.000   -9.79e+04   -6.13e+04
C(county)[T.269]                      -1.049e+05   7320.020    -14.332      0.000   -1.19e+05   -9.06e+04
C(county)[T.271]                      -8.509e+04   1.15e+04     -7.379      0.000   -1.08e+05   -6.25e+04
C(county)[T.273]                      -4.799e+04   8804.172     -5.451      0.000   -6.52e+04   -3.07e+04
C(county)[T.275]                      -6.437e+04   9430.603     -6.826      0.000   -8.29e+04   -4.59e+04
C(county)[T.277]                      -2.263e+04   9689.746     -2.335      0.020   -4.16e+04   -3637.931
C(county)[T.279]                      -2.406e+04      2e+04     -1.203      0.229   -6.33e+04    1.51e+04
C(county)[T.281]                      -2.165e+04    2.2e+04     -0.986      0.324   -6.47e+04    2.14e+04
C(county)[T.283]                      -6.054e+04   3.85e+04     -1.574      0.115   -1.36e+05    1.48e+04
C(county)[T.285]                       1568.1028   1.09e+04      0.143      0.886   -1.99e+04     2.3e+04
C(county)[T.287]                      -7.939e+04   1.45e+04     -5.493      0.000   -1.08e+05   -5.11e+04
C(county)[T.289]                       -8.22e+04   1.68e+04     -4.888      0.000   -1.15e+05   -4.92e+04
C(county)[T.291]                      -1.954e+04   1.32e+04     -1.480      0.139   -4.54e+04    6342.673
C(county)[T.293]                      -4.824e+04   1.01e+04     -4.767      0.000   -6.81e+04   -2.84e+04
C(county)[T.295]                       1320.8452   1.27e+04      0.104      0.917   -2.36e+04    2.63e+04
C(county)[T.297]                      -1.457e+04   1.22e+04     -1.199      0.231   -3.84e+04    9257.877
C(county)[T.299]                      -6.492e+04   8996.639     -7.216      0.000   -8.26e+04   -4.73e+04
C(county)[T.301]                      -8.998e+04   2509.868    -35.850      0.000   -9.49e+04   -8.51e+04
C(county)[T.303]                       1.887e+04   5260.219      3.587      0.000    8560.001    2.92e+04
C(county)[T.305]                       2.099e+04   1.36e+04      1.544      0.123   -5658.247    4.76e+04
C(county)[T.307]                      -1.189e+05   1.13e+04    -10.496      0.000   -1.41e+05   -9.67e+04
C(county)[T.309]                      -1.405e+04   6201.571     -2.266      0.023   -2.62e+04   -1897.016
C(county)[T.311]                       1.917e+04   2.02e+04      0.948      0.343   -2.05e+04    5.88e+04
C(county)[T.313]                      -4.365e+04   8875.664     -4.918      0.000    -6.1e+04   -2.63e+04
C(county)[T.315]                      -8.406e+04   1.55e+04     -5.423      0.000   -1.14e+05   -5.37e+04
C(county)[T.317]                      -1.016e+05   9627.096    -10.552      0.000    -1.2e+05   -8.27e+04
C(county)[T.319]                      -3.898e+04    2.8e+04     -1.393      0.164   -9.38e+04    1.59e+04
C(county)[T.321]                      -3.785e+04   8270.859     -4.577      0.000   -5.41e+04   -2.16e+04
C(county)[T.323]                      -1.543e+04   8919.131     -1.730      0.084   -3.29e+04    2052.398
C(county)[T.325]                      -9.637e+04   1.13e+04     -8.514      0.000   -1.19e+05   -7.42e+04
C(county)[T.327]                      -1.028e+05   6.77e+07     -0.002      0.999   -1.33e+08    1.32e+08
C(county)[T.329]                       9060.2247   8511.767      1.064      0.287   -7622.532    2.57e+04
C(county)[T.331]                      -1.008e+05   1.28e+04     -7.869      0.000   -1.26e+05   -7.57e+04
C(county)[T.333]                      -8.411e+04   8245.396    -10.201      0.000      -1e+05   -6.79e+04
C(county)[T.335]                      -7.542e+04   1.91e+04     -3.957      0.000   -1.13e+05   -3.81e+04
C(county)[T.337]                      -7.486e+04   2.25e+04     -3.329      0.001   -1.19e+05   -3.08e+04
C(county)[T.339]                       2.055e+04   4535.651      4.531      0.000    1.17e+04    2.94e+04
C(county)[T.341]                      -3.482e+04   2.85e+04     -1.220      0.222   -9.07e+04    2.11e+04
C(county)[T.343]                      -2.003e+04    3.7e+04     -0.541      0.588   -9.26e+04    5.25e+04
C(county)[T.345]                       -8.78e+04   3.65e+07     -0.002      0.998   -7.16e+07    7.14e+07
C(county)[T.347]                      -1506.3216   1.34e+04     -0.112      0.911   -2.78e+04    2.48e+04
C(county)[T.349]                       -8.51e+04   6904.428    -12.325      0.000   -9.86e+04   -7.16e+04
C(county)[T.351]                      -1.104e+05   3172.203    -34.817      0.000   -1.17e+05   -1.04e+05
C(county)[T.353]                      -4.903e+04   2.69e+04     -1.825      0.068   -1.02e+05    3622.071
C(county)[T.355]                       2.743e+04   4124.469      6.650      0.000    1.93e+04    3.55e+04
C(county)[T.357]                       -7.95e+04   1.93e+04     -4.123      0.000   -1.17e+05   -4.17e+04
C(county)[T.359]                      -9.993e+04   3.48e+07     -0.003      0.998   -6.82e+07     6.8e+07
C(county)[T.361]                       8357.5007   9791.154      0.854      0.393   -1.08e+04    2.75e+04
C(county)[T.363]                       -2.12e+04   2.59e+04     -0.817      0.414    -7.2e+04    2.96e+04
C(county)[T.365]                      -9.105e+04   1.12e+04     -8.148      0.000   -1.13e+05   -6.91e+04
C(county)[T.367]                      -5.287e+04   8643.679     -6.117      0.000   -6.98e+04   -3.59e+04
C(county)[T.369]                      -3.108e+04   2.54e+04     -1.223      0.221   -8.09e+04    1.87e+04
C(county)[T.371]                      -7.428e+04   1.42e+04     -5.224      0.000   -1.02e+05   -4.64e+04
C(county)[T.373]                      -9.463e+04   4122.500    -22.956      0.000   -1.03e+05   -8.66e+04
C(county)[T.375]                       2.996e+04   9240.076      3.242      0.001    1.18e+04    4.81e+04
C(county)[T.377]                      -9.274e+04   8143.242    -11.388      0.000   -1.09e+05   -7.68e+04
C(county)[T.379]                       -1.03e+05   1.62e+04     -6.365      0.000   -1.35e+05   -7.13e+04
C(county)[T.381]                       3.767e+04   6208.186      6.068      0.000    2.55e+04    4.98e+04
C(county)[T.383]                      -1.133e+05    2.6e+07     -0.004      0.997    -5.1e+07    5.08e+07
C(county)[T.385]                      -8.393e+04   1.24e+08     -0.001      0.999   -2.44e+08    2.44e+08
C(county)[T.387]                      -3.405e+04   2.76e+04     -1.232      0.218   -8.82e+04    2.01e+04
C(county)[T.389]                      -8.404e+04   2.93e+04     -2.869      0.004   -1.41e+05   -2.66e+04
C(county)[T.391]                       4541.3133    6.9e+04      0.066      0.948   -1.31e+05     1.4e+05
C(county)[T.393]                      -1.001e+05   2.44e+08     -0.000      1.000   -4.78e+08    4.78e+08
C(county)[T.395]                      -9.171e+04   1.09e+04     -8.401      0.000   -1.13e+05   -7.03e+04
C(county)[T.397]                       7744.4546   8626.476      0.898      0.369   -9163.128    2.47e+04
C(county)[T.399]                       -7.29e+04   2.13e+04     -3.424      0.001   -1.15e+05   -3.12e+04
C(county)[T.401]                      -6.173e+04   1.33e+04     -4.657      0.000   -8.77e+04   -3.57e+04
C(county)[T.403]                      -1.152e+05   2933.052    -39.269      0.000   -1.21e+05   -1.09e+05
C(county)[T.405]                      -1.013e+05   1.59e+04     -6.370      0.000   -1.32e+05   -7.01e+04
C(county)[T.407]                      -9.031e+04    1.5e+04     -6.015      0.000    -1.2e+05   -6.09e+04
C(county)[T.409]                      -6255.5179   1.37e+04     -0.458      0.647    -3.3e+04    2.05e+04
C(county)[T.411]                      -9.307e+04   1863.810    -49.934      0.000   -9.67e+04   -8.94e+04
C(county)[T.413]                      -8.185e+04   1.44e+08     -0.001      1.000   -2.83e+08    2.83e+08
C(county)[T.415]                      -9106.4765   3.38e+04     -0.270      0.787   -7.53e+04    5.71e+04
C(county)[T.417]                      -2.291e+04   5.21e+07     -0.000      1.000   -1.02e+08    1.02e+08
C(county)[T.419]                      -8.859e+04   9845.546     -8.998      0.000   -1.08e+05   -6.93e+04
C(county)[T.421]                      -6.835e+04   4.58e+07     -0.001      0.999   -8.99e+07    8.98e+07
C(county)[T.423]                       7657.0011   8483.395      0.903      0.367   -8970.147    2.43e+04
C(county)[T.425]                      -6.028e+04   3.87e+04     -1.556      0.120   -1.36e+05    1.56e+04
C(county)[T.427]                      -9080.9987   9515.307     -0.954      0.340   -2.77e+04    9568.661
C(county)[T.429]                      -1.052e+05   1.15e+04     -9.166      0.000   -1.28e+05   -8.27e+04
C(county)[T.431]                      -1.066e+05   3.43e+07     -0.003      0.998   -6.74e+07    6.71e+07
C(county)[T.433]                       -4.98e+04   3.39e+07     -0.001      0.999   -6.65e+07    6.64e+07
C(county)[T.435]                       -8.33e+04   5.17e+07     -0.002      0.999   -1.01e+08    1.01e+08
C(county)[T.437]                      -3.366e+04   5.27e+04     -0.639      0.523   -1.37e+05    6.95e+04
C(county)[T.439]                       8084.6969   2427.209      3.331      0.001    3327.454    1.28e+04
C(county)[T.441]                       2.274e+04   6516.965      3.490      0.000    9969.597    3.55e+04
C(county)[T.443]                      -9.087e+04   4.88e+07     -0.002      0.999   -9.58e+07    9.56e+07
C(county)[T.445]                      -8441.2397   2.01e+04     -0.420      0.674   -4.78e+04    3.09e+04
C(county)[T.447]                       -1.05e+05   2.72e+07     -0.004      0.997   -5.33e+07    5.31e+07
C(county)[T.449]                      -2557.8899   2.02e+04     -0.126      0.899   -4.22e+04    3.71e+04
C(county)[T.451]                       3.464e+04   1.03e+04      3.363      0.001    1.45e+04    5.48e+04
C(county)[T.453]                      -2010.5491   2441.281     -0.824      0.410   -6795.371    2774.273
C(county)[T.455]                      -1.114e+05   3484.014    -31.981      0.000   -1.18e+05   -1.05e+05
C(county)[T.457]                      -7.871e+04   2.56e+04     -3.073      0.002   -1.29e+05   -2.85e+04
C(county)[T.459]                      -5.346e+04   1.14e+04     -4.709      0.000   -7.57e+04   -3.12e+04
C(county)[T.461]                      -1.123e+05   1714.150    -65.515      0.000   -1.16e+05   -1.09e+05
C(county)[T.463]                         11.4109   3.01e+04      0.000      1.000    -5.9e+04     5.9e+04
C(county)[T.465]                       1.128e+04   7107.624      1.587      0.112   -2647.381    2.52e+04
C(county)[T.467]                      -9.425e+04   1.51e+04     -6.232      0.000   -1.24e+05   -6.46e+04
C(county)[T.469]                       1.476e+04   9062.167      1.629      0.103   -2996.661    3.25e+04
C(county)[T.471]                       4.445e+04   1.62e+04      2.747      0.006    1.27e+04    7.62e+04
C(county)[T.473]                      -5.909e+04   1.92e+04     -3.074      0.002   -9.68e+04   -2.14e+04
C(county)[T.475]                      -5.865e+04   1.29e+04     -4.530      0.000    -8.4e+04   -3.33e+04
C(county)[T.477]                      -8.943e+04   1.26e+04     -7.103      0.000   -1.14e+05   -6.48e+04
C(county)[T.479]                      -1.071e+04   4659.544     -2.298      0.022   -1.98e+04   -1576.656
C(county)[T.481]                      -5.351e+04   9002.353     -5.943      0.000   -7.11e+04   -3.59e+04
C(county)[T.483]                      -1.041e+05   4548.213    -22.880      0.000   -1.13e+05   -9.52e+04
C(county)[T.485]                      -2.207e+04   5452.572     -4.047      0.000   -3.28e+04   -1.14e+04
C(county)[T.487]                        -8.3e+04   7115.924    -11.664      0.000   -9.69e+04   -6.91e+04
C(county)[T.489]                      -5.322e+04   1.33e+04     -4.010      0.000   -7.92e+04   -2.72e+04
C(county)[T.491]                       5397.0955   3654.238      1.477      0.140   -1765.080    1.26e+04
C(county)[T.493]                      -5.103e+04   1.71e+04     -2.991      0.003   -8.45e+04   -1.76e+04
C(county)[T.495]                      -6.918e+04   3.63e+04     -1.905      0.057    -1.4e+05    1980.190
C(county)[T.497]                      -9.243e+04   8276.458    -11.168      0.000   -1.09e+05   -7.62e+04
C(county)[T.499]                      -4.084e+04   1.77e+04     -2.306      0.021   -7.56e+04   -6127.206
C(county)[T.501]                      -8.966e+04   2.06e+04     -4.360      0.000    -1.3e+05   -4.94e+04
C(county)[T.503]                       -1.06e+05   3970.833    -26.682      0.000   -1.14e+05   -9.82e+04
C(county)[T.505]                       7343.8147   8971.171      0.819      0.413   -1.02e+04    2.49e+04
C(county)[T.507]                      -3.887e+04   5.25e+04     -0.741      0.459   -1.42e+05     6.4e+04
C(county)[T.510]                       2349.2677   3055.220      0.769      0.442   -3638.853    8337.388
C(county)[T.520]                      -9.054e+04    1.1e+04     -8.248      0.000   -1.12e+05    -6.9e+04
C(county)[T.530]                       3.562e+04   1.91e+04      1.866      0.062   -1800.414     7.3e+04
C(county)[T.540]                      -4.303e+04   6173.978     -6.970      0.000   -5.51e+04   -3.09e+04
C(county)[T.550]                       1.326e+04   4323.039      3.067      0.002    4787.426    2.17e+04
C(county)[T.570]                       4.318e+04   1.84e+04      2.352      0.019    7194.773    7.92e+04
C(county)[T.580]                      -2.572e+04   8579.654     -2.998      0.003   -4.25e+04   -8902.241
C(county)[T.590]                       1.356e+04   1.24e+04      1.096      0.273   -1.07e+04    3.78e+04
C(county)[T.595]                       7152.5820   6.44e+04      0.111      0.912   -1.19e+05    1.33e+05
C(county)[T.600]                      -5101.9743   1.35e+04     -0.378      0.706   -3.16e+04    2.14e+04
C(county)[T.610]                      -1.088e+04   6353.857     -1.713      0.087   -2.33e+04    1571.827
C(county)[T.620]                       2.025e+04   3.87e+04      0.523      0.601   -5.57e+04    9.62e+04
C(county)[T.630]                      -1.146e+04   7776.830     -1.474      0.141   -2.67e+04    3782.212
C(county)[T.640]                       3.687e+04    2.6e+04      1.416      0.157   -1.42e+04    8.79e+04
C(county)[T.650]                      -2873.5593   6331.126     -0.454      0.650   -1.53e+04    9535.220
C(county)[T.660]                      -2.466e+04   6589.522     -3.742      0.000   -3.76e+04   -1.17e+04
C(county)[T.670]                       1.392e+04   1.06e+04      1.317      0.188   -6798.573    3.46e+04
C(county)[T.678]                       5.853e+04   7.68e+07      0.001      0.999   -1.51e+08    1.51e+08
C(county)[T.680]                      -8205.2463   8415.750     -0.975      0.330   -2.47e+04    8289.321
C(county)[T.683]                      -6312.5904   7639.265     -0.826      0.409   -2.13e+04    8660.095
C(county)[T.685]                       9961.0306   2.15e+04      0.464      0.642   -3.21e+04     5.2e+04
C(county)[T.690]                       1.518e+04   2.51e+04      0.605      0.545    -3.4e+04    6.44e+04
C(county)[T.700]                       5808.5169   6002.937      0.968      0.333   -5957.023    1.76e+04
C(county)[T.710]                      -8357.6550   4240.020     -1.971      0.049   -1.67e+04     -47.368
C(county)[T.720]                       5.431e+04   3.51e+07      0.002      0.999   -6.87e+07    6.88e+07
C(county)[T.730]                      -7201.7311   2.71e+04     -0.265      0.791   -6.04e+04     4.6e+04
C(county)[T.735]                       1.312e+04   4.12e+04      0.319      0.750   -6.76e+04    9.38e+04
C(county)[T.740]                       1.538e+04   8186.242      1.879      0.060    -664.712    3.14e+04
C(county)[T.750]                       -1.04e+05   1.18e+04     -8.807      0.000   -1.27e+05   -8.09e+04
C(county)[T.760]                      -1.109e+04   6123.479     -1.811      0.070   -2.31e+04     910.149
C(county)[T.770]                        153.2460   6411.547      0.024      0.981   -1.24e+04    1.27e+04
C(county)[T.775]                       -848.8546   9068.038     -0.094      0.925   -1.86e+04    1.69e+04
C(county)[T.790]                      -1.704e+04   1.57e+04     -1.088      0.277   -4.78e+04    1.37e+04
C(county)[T.800]                       1.612e+04   7694.599      2.095      0.036    1040.324    3.12e+04
C(county)[T.810]                       2277.5385   3866.193      0.589      0.556   -5300.061    9855.138
C(county)[T.820]                      -2.049e+04   1.44e+04     -1.422      0.155   -4.87e+04    7756.156
C(county)[T.830]                      -4.837e+04   3492.075    -13.851      0.000   -5.52e+04   -4.15e+04
C(county)[T.840]                      -8710.4414    1.5e+04     -0.582      0.560    -3.8e+04    2.06e+04
median_income                          9329.9180    364.389     25.604      0.000    8615.729       1e+04
==============================================================================
Omnibus:                     1473.876   Durbin-Watson:                   1.245
Prob(Omnibus):                  0.000   Jarque-Bera (JB):             3046.581
Skew:                           0.034   Prob(JB):                         0.00
Kurtosis:                       3.940   Cond. No.                     6.88e+14
==============================================================================

Notes:
[1] Standard Errors are heteroscedasticity robust (HC3)
[2] The smallest eigenvalue is 2.19e-23. This might indicate that there are
strong multicollinearity problems or that the design matrix is singular.

Number of observations: 82,249
